<!DOCTYPE html PUBLIC "-//W3C//DTD XHTML 1.1//EN" "http://www.w3.org/TR/xhtml11/DTD/xhtml11.dtd">
<html xmlns="http://www.w3.org/1999/xhtml"><head><title>TestNG Report</title><style type="text/css">table {margin-bottom:10px;border-collapse:collapse;empty-cells:show}th,td {border:1px solid #009;padding:.25em .5em}th {vertical-align:bottom}td {vertical-align:top}table a {font-weight:bold}.stripe td {background-color: #E6EBF9}.num {text-align:right}.passedodd td {background-color: #3F3}.passedeven td {background-color: #0A0}.skippedodd td {background-color: #DDD}.skippedeven td {background-color: #CCC}.failedodd td,.attn {background-color: #F33}.failedeven td,.stripe .attn {background-color: #D00}.stacktrace {white-space:pre;font-family:monospace}.totop {font-size:85%;text-align:center;border-bottom:2px solid #000}</style></head><body><table><tr><th>Test</th><th># Passed</th><th># Skipped</th><th># Failed</th><th>Time (ms)</th><th>Included Groups</th><th>Excluded Groups</th></tr><tr><th colspan="7">Default Suite</th></tr><tr><td><a href="#t0">Jiekou</a></td><td class="num">1</td><td class="num">0</td><td class="num attn">2</td><td class="num">284</td><td></td><td></td></tr></table><table><thead><tr><th>Class</th><th>Method</th><th>Start</th><th>Time (ms)</th></tr></thead><tbody><tr><th colspan="4">Default Suite</th></tr></tbody><tbody id="t0"><tr><th colspan="4">Jiekou &#8212; failed</th></tr><tr class="failedeven"><td rowspan="2">demo.TESTS</td><td><a href="#m0">a</a></td><td rowspan="1">1540487040950</td><td rowspan="1">136</td></tr><tr class="failedeven"><td><a href="#m1">log</a></td><td rowspan="1">1540487041112</td><td rowspan="1">16</td></tr><tr><th colspan="4">Jiekou &#8212; passed</th></tr><tr class="passedeven"><td rowspan="1">demo.TESTS</td><td><a href="#m2">b</a></td><td rowspan="1">1540487041102</td><td rowspan="1">7</td></tr></tbody></table><h2>Jiekou</h2><h3 id="m0">demo.TESTS#a</h3><table class="result"><tr><th>Exception</th></tr><tr><td><div class="stacktrace">java.lang.AssertionError: expected [2] but found [1]
	at demo.TESTS.a(TESTS.java:13)
	at com.intellij.rt.execution.application.AppMain.main(AppMain.java:147)
... Removed 33 stack frames</div></td></tr></table><p class="totop"><a href="#summary">back to summary</a></p><h3 id="m1">demo.TESTS#log</h3><table class="result"><tr><th>Messages</th></tr><tr><td><div class="messages">这是Test的report输出</div></td></tr><tr><th>Exception</th></tr><tr><td><div class="stacktrace">java.lang.RuntimeException: 这是我自己运行的异常
	at demo.TESTS.log(TESTS.java:22)
	at com.intellij.rt.execution.application.AppMain.main(AppMain.java:147)
... Removed 27 stack frames</div></td></tr></table><p class="totop"><a href="#summary">back to summary</a></p><h3 id="m2">demo.TESTS#b</h3><table class="result"></table><p class="totop"><a href="#summary">back to summary</a></p></body></html>